<?xml version="1.0" encoding="UTF-8"?>
<testng-results skipped="0" failed="0" ignored="0" total="1" passed="1">
  <reporter-output>
    <line>
      <![CDATA[Navigated to the Browser: chromeURL: https://yandex.ru]]>
    </line>
    <line>
      <![CDATA[Text entered in Search Box: 19 of May]]>
    </line>
    <line>
      <![CDATA[Switched to the Images Tab]]>
    </line>
    <line>
      <![CDATA[Able to Search for thr Product Successfully. Product: 19 of May]]>
    </line>
  </reporter-output>
  <suite name="Suite" duration-ms="38737" started-at="2021-12-19T11:31:35 PST" finished-at="2021-12-19T11:32:14 PST">
    <groups>
    </groups>
    <test name="Test" duration-ms="38737" started-at="2021-12-19T11:31:35 PST" finished-at="2021-12-19T11:32:14 PST">
      <class name="org.informatica.tc.GoogleSearchTC">
        <test-method status="PASS" signature="setUpDriver(java.lang.String,java.lang.String)[pri:0, instance:org.informatica.tc.GoogleSearchTC@69b0fd6f]" name="setUpDriver" is-config="true" duration-ms="12244" started-at="2021-12-19T11:31:35 PST" finished-at="2021-12-19T11:31:47 PST">
          <params>
            <param index="0">
              <value>
                <![CDATA[chrome]]>
              </value>
            </param>
            <param index="1">
              <value>
                <![CDATA[https://yandex.ru]]>
              </value>
            </param>
          </params>
          <reporter-output>
            <line>
              <![CDATA[Navigated to the Browser: chromeURL: https://yandex.ru]]>
            </line>
          </reporter-output>
        </test-method> <!-- setUpDriver -->
        <test-method status="PASS" signature="GoogleSearchImageTest()[pri:0, instance:org.informatica.tc.GoogleSearchTC@69b0fd6f]" name="GoogleSearchImageTest" duration-ms="25575" started-at="2021-12-19T11:31:47 PST" finished-at="2021-12-19T11:32:13 PST">
          <reporter-output>
            <line>
              <![CDATA[Text entered in Search Box: 19 of May]]>
            </line>
            <line>
              <![CDATA[Switched to the Images Tab]]>
            </line>
            <line>
              <![CDATA[Able to Search for thr Product Successfully. Product: 19 of May]]>
            </line>
          </reporter-output>
        </test-method> <!-- GoogleSearchImageTest -->
        <test-method status="PASS" signature="teaarDown()[pri:0, instance:org.informatica.tc.GoogleSearchTC@69b0fd6f]" name="teaarDown" is-config="true" duration-ms="863" started-at="2021-12-19T11:32:13 PST" finished-at="2021-12-19T11:32:14 PST">
          <reporter-output>
          </reporter-output>
        </test-method> <!-- teaarDown -->
      </class> <!-- org.informatica.tc.GoogleSearchTC -->
    </test> <!-- Test -->
  </suite> <!-- Suite -->
</testng-results>
